<?xml version="1.0" encoding="UTF-8"?>
<!-- Generated by org.testng.reporters.JUnitReportReporter -->
<testsuite skipped="0" hostname="LAPTOP-RL861KU4" name="calculatortest.Calculator1" tests="4" failures="0" timestamp="2022-05-20T12:46:08 IST" time="58.819" errors="0">
  <testcase name="verifyMultiplication" time="16.367" classname="calculatortest.Calculator1"/>
  <system-out/>
  <testcase name="verifyDivision" time="12.982" classname="calculatortest.Calculator1"/>
  <system-out/>
  <testcase name="verifyAddition" time="13.762" classname="calculatortest.Calculator1"/>
  <system-out/>
  <testcase name="verifySubstraction" time="15.708" classname="calculatortest.Calculator1"/>
  <system-out/>
</testsuite> <!-- calculatortest.Calculator1 -->
